# JRE version: Java(TM) SE Runtime Environment (22.0+36) (build 22+36-2370)
# Java VM: Java HotSpot(TM) 64-Bit Server VM (22+36-2370, mixed mode, emulated-client, sharing, tiered, compressed oops, compressed class ptrs, g1 gc, linux-amd64)
Heap:
 garbage-first heap   total reserved 1957888K, committed 61440K, used 33343K [0x0000000088800000, 0x0000000100000000)
  region size 1024K, 9 young (9216K), 3 survivors (3072K)
 Metaspace       used 55695K, committed 56320K, reserved 1114112K
  class space    used 8049K, committed 8320K, reserved 1048576K
GC Heap History (20 events):
Event: 5.238 GC heap before
{Heap before GC invocations=5 (full 0):
 garbage-first heap   total reserved 1957888K, committed 51200K, used 38402K [0x0000000088800000, 0x0000000100000000)
  region size 1024K, 30 young (30720K), 6 survivors (6144K)
 Metaspace       used 23143K, committed 23616K, reserved 1114112K
  class space    used 3196K, committed 3392K, reserved 1048576K
}
Event: 5.246 GC heap after
{Heap after GC invocations=6 (full 0):
 garbage-first heap   total reserved 1957888K, committed 51200K, used 15744K [0x0000000088800000, 0x0000000100000000)
  region size 1024K, 3 young (3072K), 3 survivors (3072K)
 Metaspace       used 23143K, committed 23616K, reserved 1114112K
  class space    used 3196K, committed 3392K, reserved 1048576K
}
Event: 6.068 GC heap before
{Heap before GC invocations=6 (full 0):
 garbage-first heap   total reserved 1957888K, committed 51200K, used 37248K [0x0000000088800000, 0x0000000100000000)
  region size 1024K, 25 young (25600K), 3 survivors (3072K)
 Metaspace       used 27025K, committed 27520K, reserved 1114112K
  class space    used 3746K, committed 3968K, reserved 1048576K
}
Event: 6.071 GC heap after
{Heap after GC invocations=7 (full 0):
 garbage-first heap   total reserved 1957888K, committed 51200K, used 17852K [0x0000000088800000, 0x0000000100000000)
  region size 1024K, 3 young (3072K), 3 survivors (3072K)
 Metaspace       used 27025K, committed 27520K, reserved 1114112K
  class space    used 3746K, committed 3968K, reserved 1048576K
}
Event: 7.737 GC heap before
{Heap before GC invocations=8 (full 0):
 garbage-first heap   total reserved 1957888K, committed 51200K, used 40380K [0x0000000088800000, 0x0000000100000000)
  region size 1024K, 26 young (26624K), 3 survivors (3072K)
 Metaspace       used 32242K, committed 32768K, reserved 1114112K
  class space    used 4564K, committed 4800K, reserved 1048576K
}
Event: 7.740 GC heap after
{Heap after GC invocations=9 (full 0):
 garbage-first heap   total reserved 1957888K, committed 51200K, used 18856K [0x0000000088800000, 0x0000000100000000)
  region size 1024K, 4 young (4096K), 4 survivors (4096K)
 Metaspace       used 32242K, committed 32768K, reserved 1114112K
  class space    used 4564K, committed 4800K, reserved 1048576K
}
Event: 9.190 GC heap before
{Heap before GC invocations=9 (full 0):
 garbage-first heap   total reserved 1957888K, committed 51200K, used 41384K [0x0000000088800000, 0x0000000100000000)
  region size 1024K, 27 young (27648K), 4 survivors (4096K)
 Metaspace       used 38135K, committed 38720K, reserved 1114112K
  class space    used 5356K, committed 5632K, reserved 1048576K
}
Event: 9.194 GC heap after
{Heap after GC invocations=10 (full 0):
 garbage-first heap   total reserved 1957888K, committed 51200K, used 20807K [0x0000000088800000, 0x0000000100000000)
  region size 1024K, 4 young (4096K), 4 survivors (4096K)
 Metaspace       used 38135K, committed 38720K, reserved 1114112K
  class space    used 5356K, committed 5632K, reserved 1048576K
}
Event: 10.540 GC heap before
{Heap before GC invocations=10 (full 0):
 garbage-first heap   total reserved 1957888K, committed 51200K, used 42311K [0x0000000088800000, 0x0000000100000000)
  region size 1024K, 26 young (26624K), 4 survivors (4096K)
 Metaspace       used 44122K, committed 44672K, reserved 1114112K
  class space    used 6192K, committed 6464K, reserved 1048576K
}
Event: 10.543 GC heap after
{Heap after GC invocations=11 (full 0):
 garbage-first heap   total reserved 1957888K, committed 51200K, used 22250K [0x0000000088800000, 0x0000000100000000)
  region size 1024K, 2 young (2048K), 2 survivors (2048K)
 Metaspace       used 44122K, committed 44672K, reserved 1114112K
  class space    used 6192K, committed 6464K, reserved 1048576K
}
Event: 10.965 GC heap before
{Heap before GC invocations=11 (full 0):
 garbage-first heap   total reserved 1957888K, committed 51200K, used 28394K [0x0000000088800000, 0x0000000100000000)
  region size 1024K, 9 young (9216K), 2 survivors (2048K)
 Metaspace       used 45463K, committed 46016K, reserved 1114112K
  class space    used 6493K, committed 6784K, reserved 1048576K
}
Event: 10.967 GC heap after
{Heap after GC invocations=12 (full 0):
 garbage-first heap   total reserved 1957888K, committed 51200K, used 22159K [0x0000000088800000, 0x0000000100000000)
  region size 1024K, 2 young (2048K), 2 survivors (2048K)
 Metaspace       used 45463K, committed 46016K, reserved 1114112K
  class space    used 6493K, committed 6784K, reserved 1048576K
}
Event: 12.182 GC heap before
{Heap before GC invocations=13 (full 0):
 garbage-first heap   total reserved 1957888K, committed 51200K, used 44687K [0x0000000088800000, 0x0000000100000000)
  region size 1024K, 24 young (24576K), 2 survivors (2048K)
 Metaspace       used 49376K, committed 49984K, reserved 1114112K
  class space    used 7156K, committed 7424K, reserved 1048576K
}
Event: 12.185 GC heap after
{Heap after GC invocations=14 (full 0):
 garbage-first heap   total reserved 1957888K, committed 51200K, used 23169K [0x0000000088800000, 0x0000000100000000)
  region size 1024K, 3 young (3072K), 3 survivors (3072K)
 Metaspace       used 49376K, committed 49984K, reserved 1114112K
  class space    used 7156K, committed 7424K, reserved 1048576K
}
Event: 12.825 GC heap before
{Heap before GC invocations=14 (full 0):
 garbage-first heap   total reserved 1957888K, committed 51200K, used 43649K [0x0000000088800000, 0x0000000100000000)
  region size 1024K, 23 young (23552K), 3 survivors (3072K)
 Metaspace       used 51926K, committed 52544K, reserved 1114112K
  class space    used 7471K, committed 7744K, reserved 1048576K
}
Event: 12.828 GC heap after
{Heap after GC invocations=15 (full 0):
 garbage-first heap   total reserved 1957888K, committed 51200K, used 24354K [0x0000000088800000, 0x0000000100000000)
  region size 1024K, 3 young (3072K), 3 survivors (3072K)
 Metaspace       used 51926K, committed 52544K, reserved 1114112K
  class space    used 7471K, committed 7744K, reserved 1048576K
}
Event: 13.101 GC heap before
{Heap before GC invocations=15 (full 0):
 garbage-first heap   total reserved 1957888K, committed 51200K, used 44834K [0x0000000088800000, 0x0000000100000000)
  region size 1024K, 23 young (23552K), 3 survivors (3072K)
 Metaspace       used 53100K, committed 53696K, reserved 1114112K
  class space    used 7644K, committed 7872K, reserved 1048576K
}
Event: 13.104 GC heap after
{Heap after GC invocations=16 (full 0):
 garbage-first heap   total reserved 1957888K, committed 51200K, used 25243K [0x0000000088800000, 0x0000000100000000)
  region size 1024K, 1 young (1024K), 1 survivors (1024K)
 Metaspace       used 53100K, committed 53696K, reserved 1114112K
  class space    used 7644K, committed 7872K, reserved 1048576K
}
Event: 13.893 GC heap before
{Heap before GC invocations=16 (full 0):
 garbage-first heap   total reserved 1957888K, committed 51200K, used 46747K [0x0000000088800000, 0x0000000100000000)
  region size 1024K, 22 young (22528K), 1 survivors (1024K)
 Metaspace       used 55375K, committed 56000K, reserved 1114112K
  class space    used 7983K, committed 8256K, reserved 1048576K
}
Event: 13.896 GC heap after
{Heap after GC invocations=17 (full 0):
 garbage-first heap   total reserved 1957888K, committed 61440K, used 27648K [0x0000000088800000, 0x0000000100000000)
  region size 1024K, 3 young (3072K), 3 survivors (3072K)
 Metaspace       used 55375K, committed 56000K, reserved 1114112K
  class space    used 7983K, committed 8256K, reserved 1048576K
}

